-------------------------------------------------------------------------------
Test set: co.co.banco.app.BancoApplicationTests
-------------------------------------------------------------------------------
Tests run: 1, Failures: 0, Errors: 1, Skipped: 0, Time elapsed: 0.31 s <<< FAILURE! - in co.co.banco.app.BancoApplicationTests
co.co.banco.app.BancoApplicationTests  Time elapsed: 0.308 s  <<< ERROR!
java.lang.IllegalStateException: Unable to find a @SpringBootConfiguration, you need to use @ContextConfiguration or @SpringBootTest(classes=...) with your test

